<?xml version="1.0" encoding="UTF-8"?>
<!-- Generated by org.testng.reporters.JUnitReportReporter -->
<testsuite skipped="0" hostname="Missy-Jay" name="edureka.devops.LoginEdureka" tests="1" failures="0" timestamp="03 Oct 2020 01:54:14 GMT" time="12.762" errors="0">
  <testcase name="login" time="12.762" classname="edureka.devops.LoginEdureka"/>
</testsuite> <!-- edureka.devops.LoginEdureka -->
